mode: set
gytigyg.io/controllers/friend_controller.go:50.96,66.2 3 1
gytigyg.io/controllers/friend_controller.go:68.77,75.64 4 1
gytigyg.io/controllers/friend_controller.go:81.2,81.55 1 1
gytigyg.io/controllers/friend_controller.go:92.2,92.55 1 1
gytigyg.io/controllers/friend_controller.go:127.2,127.27 1 0
gytigyg.io/controllers/friend_controller.go:75.64,78.3 2 0
gytigyg.io/controllers/friend_controller.go:81.55,85.57 3 0
gytigyg.io/controllers/friend_controller.go:89.3,89.28 1 0
gytigyg.io/controllers/friend_controller.go:85.57,88.4 2 0
gytigyg.io/controllers/friend_controller.go:92.55,98.43 5 1
gytigyg.io/controllers/friend_controller.go:109.3,109.44 1 1
gytigyg.io/controllers/friend_controller.go:119.3,120.57 2 1
gytigyg.io/controllers/friend_controller.go:124.3,124.28 1 1
gytigyg.io/controllers/friend_controller.go:98.43,102.97 3 1
gytigyg.io/controllers/friend_controller.go:105.4,105.61 1 1
gytigyg.io/controllers/friend_controller.go:102.97,104.5 1 0
gytigyg.io/controllers/friend_controller.go:105.61,107.5 1 0
gytigyg.io/controllers/friend_controller.go:109.44,111.58 2 0
gytigyg.io/controllers/friend_controller.go:115.4,115.29 1 0
gytigyg.io/controllers/friend_controller.go:111.58,114.5 2 0
gytigyg.io/controllers/friend_controller.go:120.57,123.4 2 0
gytigyg.io/controllers/friend_controller.go:130.69,135.2 1 0
