mode: set
github.com/saadamine/just4kube/controllers/friend_controller.go:50.96,66.2 3 1
github.com/saadamine/just4kube/controllers/friend_controller.go:68.98,74.64 3 1
github.com/saadamine/just4kube/controllers/friend_controller.go:80.2,80.49 1 1
github.com/saadamine/just4kube/controllers/friend_controller.go:91.2,91.49 1 1
github.com/saadamine/just4kube/controllers/friend_controller.go:126.2,126.27 1 0
github.com/saadamine/just4kube/controllers/friend_controller.go:74.64,77.3 2 0
github.com/saadamine/just4kube/controllers/friend_controller.go:80.49,84.57 3 0
github.com/saadamine/just4kube/controllers/friend_controller.go:88.3,88.28 1 0
github.com/saadamine/just4kube/controllers/friend_controller.go:84.57,87.4 2 0
github.com/saadamine/just4kube/controllers/friend_controller.go:91.49,97.43 5 1
github.com/saadamine/just4kube/controllers/friend_controller.go:108.3,108.44 1 1
github.com/saadamine/just4kube/controllers/friend_controller.go:118.3,119.57 2 1
github.com/saadamine/just4kube/controllers/friend_controller.go:123.3,123.28 1 1
github.com/saadamine/just4kube/controllers/friend_controller.go:97.43,101.97 3 1
github.com/saadamine/just4kube/controllers/friend_controller.go:104.4,104.61 1 1
github.com/saadamine/just4kube/controllers/friend_controller.go:101.97,103.5 1 0
github.com/saadamine/just4kube/controllers/friend_controller.go:104.61,106.5 1 0
github.com/saadamine/just4kube/controllers/friend_controller.go:108.44,110.58 2 0
github.com/saadamine/just4kube/controllers/friend_controller.go:114.4,114.29 1 0
github.com/saadamine/just4kube/controllers/friend_controller.go:110.58,113.5 2 0
github.com/saadamine/just4kube/controllers/friend_controller.go:119.57,122.4 2 0
github.com/saadamine/just4kube/controllers/friend_controller.go:129.69,134.2 1 0
